[08:49:32] [main/INFO]: Environment: authHost='https://authserver.mojang.com', accountsHost='https://api.mojang.com', sessionHost='https://sessionserver.mojang.com', servicesHost='https://api.minecraftservices.com', name='PROD'
[08:49:32] [main/INFO]: Reloading ResourceManager: Default, bukkit
[08:49:33] [Worker-Main-1/INFO]: Loaded 7 recipes
[08:49:35] [Server thread/INFO]: Starting minecraft server version 1.17.1
[08:49:35] [Server thread/INFO]: Loading properties
[08:49:35] [Server thread/INFO]: This server is running Paper version git-Paper-411 (MC: 1.17.1) (Implementing API version 1.17.1-R0.1-SNAPSHOT) (Git: 6625db3 on ver/1.17.1)
[08:49:36] [Server thread/INFO]: Server Ping Player Sample Count: 12
[08:49:36] [Server thread/INFO]: Using 4 threads for Netty based IO
[08:49:36] [Server thread/INFO]: Default game type: SURVIVAL
[08:49:36] [Server thread/INFO]: Generating keypair
[08:49:36] [Server thread/INFO]: Starting Minecraft server on *:25565
[08:49:36] [Server thread/INFO]: Using epoll channel type
[08:49:36] [Server thread/INFO]: Paper: Using libdeflate (Linux x86_64) compression from Velocity.
[08:49:36] [Server thread/INFO]: Paper: Using OpenSSL 1.1.x (Linux x86_64) cipher from Velocity.
[08:49:36] [Server thread/ERROR]: Could not load 'plugins/playit-minecraft-plugin.jar' in folder 'plugins'
org.bukkit.plugin.InvalidPluginException: Unsupported API version 1.18
	at org.bukkit.craftbukkit.v1_17_R1.util.CraftMagicNumbers.checkSupported(CraftMagicNumbers.java:358) ~[patched_1.17.1.jar:git-Paper-411]
	at org.bukkit.plugin.java.JavaPluginLoader.loadPlugin(JavaPluginLoader.java:149) ~[patched_1.17.1.jar:git-Paper-411]
	at org.bukkit.plugin.SimplePluginManager.loadPlugin(SimplePluginManager.java:414) ~[patched_1.17.1.jar:git-Paper-411]
	at org.bukkit.plugin.SimplePluginManager.loadPlugins(SimplePluginManager.java:322) ~[patched_1.17.1.jar:git-Paper-411]
	at org.bukkit.craftbukkit.v1_17_R1.CraftServer.loadPlugins(CraftServer.java:419) ~[patched_1.17.1.jar:git-Paper-411]
	at net.minecraft.server.dedicated.DedicatedServer.initServer(DedicatedServer.java:287) ~[patched_1.17.1.jar:git-Paper-411]
	at net.minecraft.server.MinecraftServer.runServer(MinecraftServer.java:1220) ~[patched_1.17.1.jar:git-Paper-411]
	at net.minecraft.server.MinecraftServer.lambda$spin$0(MinecraftServer.java:319) ~[patched_1.17.1.jar:git-Paper-411]
	at java.lang.Thread.run(Thread.java:840) ~[?:?]
[08:49:36] [Server thread/INFO]: Server permissions file permissions.yml is empty, ignoring it
[08:49:36] [Server thread/INFO]: Preparing level "world"
[08:49:37] [Server thread/INFO]: Preparing start region for dimension minecraft:overworld
[08:49:38] [Server thread/INFO]: Preparing spawn area: 0%
[08:49:38] [Server thread/INFO]: Preparing spawn area: 0%
[08:49:38] [Server thread/INFO]: Preparing spawn area: 0%
[08:49:38] [Server thread/INFO]: Preparing spawn area: 0%
[08:49:39] [Server thread/INFO]: Time elapsed: 1990 ms
[08:49:39] [Server thread/INFO]: Preparing start region for dimension minecraft:the_nether
[08:49:39] [Server thread/INFO]: Preparing spawn area: 0%
[08:49:39] [Server thread/INFO]: Preparing spawn area: 0%
[08:49:40] [Server thread/INFO]: Preparing spawn area: 0%
[08:49:40] [Server thread/INFO]: Preparing spawn area: 0%
[08:49:40] [Server thread/INFO]: Time elapsed: 1557 ms
[08:49:40] [Server thread/INFO]: Preparing start region for dimension minecraft:the_end
[08:49:41] [Server thread/INFO]: Preparing spawn area: 0%
[08:49:41] [Server thread/INFO]: Preparing spawn area: 0%
[08:49:41] [Server thread/INFO]: Time elapsed: 837 ms
[08:49:41] [Server thread/INFO]: Running delayed init tasks
[08:49:41] [Server thread/INFO]: Done (6.001s)! For help, type "help"
[08:49:41] [Server thread/INFO]: Timings Reset
[08:49:45] [Server thread/INFO]: Stopping the server
[08:49:45] [Server thread/INFO]: Stopping server
[08:49:45] [Server thread/INFO]: Saving players
[08:49:45] [Server thread/INFO]: Saving worlds
[08:49:45] [Server thread/INFO]: Saving chunks for level 'ServerLevel[world]'/minecraft:overworld
[08:49:52] [Server thread/INFO]: Saving chunks for level 'ServerLevel[world_nether]'/minecraft:the_nether
[08:49:56] [Server thread/INFO]: Saving chunks for level 'ServerLevel[world_the_end]'/minecraft:the_end
[08:49:57] [Server thread/INFO]: ThreadedAnvilChunkStorage (world): All chunks are saved
[08:49:57] [Server thread/INFO]: ThreadedAnvilChunkStorage (DIM-1): All chunks are saved
[08:49:57] [Server thread/INFO]: ThreadedAnvilChunkStorage (DIM1): All chunks are saved
[08:49:57] [Server thread/INFO]: ThreadedAnvilChunkStorage: All dimensions are saved
[08:49:58] [Server thread/INFO]: Flushing Chunk IO
[08:49:58] [Server thread/INFO]: Closing Thread Pool
